# Logfile created on 2014-08-26 07:30:39 +1000 by logger.rb/44203
I, [2014-08-26T07:30:39.300881 #613]  INFO -- : 0:  rake (10.3.2) from /Users/vlad.ivanovic/.rvm/gems/ruby-2.1.0@global/specifications/rake-10.3.2.gemspec
I, [2014-08-26T07:30:39.301566 #613]  INFO -- : 0:  i18n (0.6.11) from /Users/vlad.ivanovic/.rvm/gems/ruby-2.1.0/specifications/i18n-0.6.11.gemspec
I, [2014-08-26T07:30:39.301905 #613]  INFO -- : 0:  json (1.8.1) from /Users/vlad.ivanovic/.rvm/rubies/ruby-2.1.0/lib/ruby/gems/2.1.0/specifications/default/json-1.8.1.gemspec
I, [2014-08-26T07:30:39.302241 #613]  INFO -- : 0:  minitest (5.4.0) from /Users/vlad.ivanovic/.rvm/gems/ruby-2.1.0/specifications/minitest-5.4.0.gemspec
I, [2014-08-26T07:30:39.302581 #613]  INFO -- : 0:  thread_safe (0.3.4) from /Users/vlad.ivanovic/.rvm/gems/ruby-2.1.0@global/specifications/thread_safe-0.3.4.gemspec
I, [2014-08-26T07:30:39.302910 #613]  INFO -- : 0:  tzinfo (1.2.2) from /Users/vlad.ivanovic/.rvm/gems/ruby-2.1.0/specifications/tzinfo-1.2.2.gemspec
I, [2014-08-26T07:30:39.303238 #613]  INFO -- : 0:  activesupport (4.1.5) from /Users/vlad.ivanovic/.rvm/gems/ruby-2.1.0/specifications/activesupport-4.1.5.gemspec
I, [2014-08-26T07:30:39.303561 #613]  INFO -- : 0:  builder (3.2.2) from /Users/vlad.ivanovic/.rvm/gems/ruby-2.1.0@global/specifications/builder-3.2.2.gemspec
I, [2014-08-26T07:30:41.363042 #613]  INFO -- : 0:  activemodel (4.1.5) from /Users/vlad.ivanovic/.rvm/gems/ruby-2.1.0/specifications/activemodel-4.1.5.gemspec
I, [2014-08-26T07:30:41.363555 #613]  INFO -- : 0:  addressable (2.3.6) from /Users/vlad.ivanovic/.rvm/gems/ruby-2.1.0/specifications/addressable-2.3.6.gemspec
I, [2014-08-26T07:30:41.363914 #613]  INFO -- : 0:  bcrypt (3.1.7) from /Users/vlad.ivanovic/.rvm/gems/ruby-2.1.0/specifications/bcrypt-3.1.7.gemspec
I, [2014-08-26T07:30:41.364299 #613]  INFO -- : 0:  mime-types (1.25.1) from /Users/vlad.ivanovic/.rvm/gems/ruby-2.1.0@global/specifications/mime-types-1.25.1.gemspec
I, [2014-08-26T07:30:41.364622 #613]  INFO -- : 0:  mini_portile (0.6.0) from /Users/vlad.ivanovic/.rvm/gems/ruby-2.1.0/specifications/mini_portile-0.6.0.gemspec
I, [2014-08-26T07:30:41.364960 #613]  INFO -- : 0:  nokogiri (1.6.3.1) from /Users/vlad.ivanovic/.rvm/gems/ruby-2.1.0/specifications/nokogiri-1.6.3.1.gemspec
I, [2014-08-26T07:30:41.365281 #613]  INFO -- : 0:  rack (1.5.2) from /Users/vlad.ivanovic/.rvm/gems/ruby-2.1.0/specifications/rack-1.5.2.gemspec
I, [2014-08-26T07:30:41.365603 #613]  INFO -- : 0:  rack-test (0.6.2) from /Users/vlad.ivanovic/.rvm/gems/ruby-2.1.0/specifications/rack-test-0.6.2.gemspec
I, [2014-08-26T07:30:41.365922 #613]  INFO -- : 0:  xpath (2.0.0) from /Users/vlad.ivanovic/.rvm/gems/ruby-2.1.0/specifications/xpath-2.0.0.gemspec
I, [2014-08-26T07:30:41.366253 #613]  INFO -- : 0:  capybara (2.4.1) from /Users/vlad.ivanovic/.rvm/gems/ruby-2.1.0/specifications/capybara-2.4.1.gemspec
I, [2014-08-26T07:30:42.655992 #613]  INFO -- : 0:  carrierwave (0.10.0) from /Users/vlad.ivanovic/.rvm/gems/ruby-2.1.0/specifications/carrierwave-0.10.0.gemspec
I, [2014-08-26T07:30:42.656504 #613]  INFO -- : 0:  coffee-script-source (1.7.1) from /Users/vlad.ivanovic/.rvm/gems/ruby-2.1.0/specifications/coffee-script-source-1.7.1.gemspec
I, [2014-08-26T07:30:42.656890 #613]  INFO -- : 0:  execjs (2.2.1) from /Users/vlad.ivanovic/.rvm/gems/ruby-2.1.0/specifications/execjs-2.2.1.gemspec
I, [2014-08-26T07:30:42.657267 #613]  INFO -- : 0:  coffee-script (2.3.0) from /Users/vlad.ivanovic/.rvm/gems/ruby-2.1.0/specifications/coffee-script-2.3.0.gemspec
I, [2014-08-26T07:30:42.657611 #613]  INFO -- : 0:  columnize (0.8.9) from /Users/vlad.ivanovic/.rvm/gems/ruby-2.1.0/specifications/columnize-0.8.9.gemspec
I, [2014-08-26T07:30:42.657944 #613]  INFO -- : 0:  daemons (1.1.9) from /Users/vlad.ivanovic/.rvm/gems/ruby-2.1.0/specifications/daemons-1.1.9.gemspec
I, [2014-08-26T07:30:42.658276 #613]  INFO -- : 0:  debugger-linecache (1.2.0) from /Users/vlad.ivanovic/.rvm/gems/ruby-2.1.0/specifications/debugger-linecache-1.2.0.gemspec
I, [2014-08-26T07:30:42.658616 #613]  INFO -- : 0:  debugger-ruby_core_source (1.3.5) from /Users/vlad.ivanovic/.rvm/gems/ruby-2.1.0/specifications/debugger-ruby_core_source-1.3.5.gemspec
I, [2014-08-26T07:30:42.658974 #613]  INFO -- : 0:  debugger (1.6.8) from /Users/vlad.ivanovic/.rvm/gems/ruby-2.1.0/specifications/debugger-1.6.8.gemspec
I, [2014-08-26T07:30:42.659303 #613]  INFO -- : 0:  diff-lcs (1.2.5) from /Users/vlad.ivanovic/.rvm/gems/ruby-2.1.0/specifications/diff-lcs-1.2.5.gemspec
I, [2014-08-26T07:30:43.814783 #613]  INFO -- : 0:  dotenv-deployment (0.0.2) from /Users/vlad.ivanovic/.rvm/gems/ruby-2.1.0/specifications/dotenv-deployment-0.0.2.gemspec
I, [2014-08-26T07:30:45.139451 #613]  INFO -- : 0:  dotenv (0.11.1) from /Users/vlad.ivanovic/.rvm/gems/ruby-2.1.0/specifications/dotenv-0.11.1.gemspec
I, [2014-08-26T07:30:45.140096 #613]  INFO -- : 0:  eventmachine (1.0.3) from /Users/vlad.ivanovic/.rvm/gems/ruby-2.1.0/specifications/eventmachine-1.0.3.gemspec
I, [2014-08-26T07:30:46.604688 #613]  INFO -- : 0:  excon (0.39.5) from /Users/vlad.ivanovic/.rvm/gems/ruby-2.1.0/specifications/excon-0.39.5.gemspec
I, [2014-08-26T07:30:47.658118 #613]  INFO -- : 0:  formatador (0.2.5) from /Users/vlad.ivanovic/.rvm/gems/ruby-2.1.0/specifications/formatador-0.2.5.gemspec
I, [2014-08-26T07:30:49.496834 #613]  INFO -- : 0:  net-ssh (2.9.1) from /Users/vlad.ivanovic/.rvm/gems/ruby-2.1.0/specifications/net-ssh-2.9.1.gemspec
I, [2014-08-26T07:30:50.363611 #613]  INFO -- : 0:  net-scp (1.2.1) from /Users/vlad.ivanovic/.rvm/gems/ruby-2.1.0/specifications/net-scp-1.2.1.gemspec
I, [2014-08-26T07:30:51.662090 #613]  INFO -- : 0:  fog-core (1.23.0) from /Users/vlad.ivanovic/.rvm/gems/ruby-2.1.0/specifications/fog-core-1.23.0.gemspec
I, [2014-08-26T07:30:51.662469 #613]  INFO -- : 0:  multi_json (1.10.1) from /Users/vlad.ivanovic/.rvm/gems/ruby-2.1.0/specifications/multi_json-1.10.1.gemspec
I, [2014-08-26T07:30:52.656464 #613]  INFO -- : 0:  fog-json (1.0.0) from /Users/vlad.ivanovic/.rvm/gems/ruby-2.1.0/specifications/fog-json-1.0.0.gemspec
I, [2014-08-26T07:30:53.665294 #613]  INFO -- : 0:  inflecto (0.0.2) from /Users/vlad.ivanovic/.rvm/gems/ruby-2.1.0/specifications/inflecto-0.0.2.gemspec
I, [2014-08-26T07:30:55.034943 #613]  INFO -- : 0:  fog-brightbox (0.3.0) from /Users/vlad.ivanovic/.rvm/gems/ruby-2.1.0/specifications/fog-brightbox-0.3.0.gemspec
I, [2014-08-26T07:30:56.132550 #613]  INFO -- : 0:  fog-softlayer (0.3.15) from /Users/vlad.ivanovic/.rvm/gems/ruby-2.1.0/specifications/fog-softlayer-0.3.15.gemspec
I, [2014-08-26T07:30:57.121185 #613]  INFO -- : 0:  ipaddress (0.8.0) from /Users/vlad.ivanovic/.rvm/gems/ruby-2.1.0/specifications/ipaddress-0.8.0.gemspec
I, [2014-08-26T07:31:06.895146 #613]  INFO -- : 0:  fog (1.23.0) from /Users/vlad.ivanovic/.rvm/gems/ruby-2.1.0/specifications/fog-1.23.0.gemspec
I, [2014-08-26T07:31:06.895627 #613]  INFO -- : 0:  tilt (1.4.1) from /Users/vlad.ivanovic/.rvm/gems/ruby-2.1.0/specifications/tilt-1.4.1.gemspec
I, [2014-08-26T07:31:06.896007 #613]  INFO -- : 0:  haml (4.0.5) from /Users/vlad.ivanovic/.rvm/gems/ruby-2.1.0/specifications/haml-4.0.5.gemspec
I, [2014-08-26T07:31:06.896377 #613]  INFO -- : 0:  url_mount (0.2.1) from /Users/vlad.ivanovic/.rvm/gems/ruby-2.1.0/specifications/url_mount-0.2.1.gemspec
I, [2014-08-26T07:31:06.896708 #613]  INFO -- : 0:  http_router (0.11.1) from /Users/vlad.ivanovic/.rvm/gems/ruby-2.1.0/specifications/http_router-0.11.1.gemspec
I, [2014-08-26T07:31:06.897017 #613]  INFO -- : 0:  launchy (2.4.2) from /Users/vlad.ivanovic/.rvm/gems/ruby-2.1.0/specifications/launchy-2.4.2.gemspec
I, [2014-08-26T07:31:06.897329 #613]  INFO -- : 0:  polyglot (0.3.5) from /Users/vlad.ivanovic/.rvm/gems/ruby-2.1.0@global/specifications/polyglot-0.3.5.gemspec
I, [2014-08-26T07:31:06.897636 #613]  INFO -- : 0:  treetop (1.4.15) from /Users/vlad.ivanovic/.rvm/gems/ruby-2.1.0@global/specifications/treetop-1.4.15.gemspec
I, [2014-08-26T07:31:06.897941 #613]  INFO -- : 0:  mail (2.5.4) from /Users/vlad.ivanovic/.rvm/gems/ruby-2.1.0@global/specifications/mail-2.5.4.gemspec
I, [2014-08-26T07:31:07.824582 #613]  INFO -- : 0:  subexec (0.2.3) from /Users/vlad.ivanovic/.rvm/gems/ruby-2.1.0/specifications/subexec-0.2.3.gemspec
I, [2014-08-26T07:31:08.656358 #613]  INFO -- : 0:  mini_magick (3.8.0) from /Users/vlad.ivanovic/.rvm/gems/ruby-2.1.0/specifications/mini_magick-3.8.0.gemspec
I, [2014-08-26T07:31:08.656722 #613]  INFO -- : 0:  moneta (0.7.20) from /Users/vlad.ivanovic/.rvm/gems/ruby-2.1.0/specifications/moneta-0.7.20.gemspec
I, [2014-08-26T07:31:08.656962 #613]  INFO -- : 0:  oj (2.10.2) from /Users/vlad.ivanovic/.rvm/gems/ruby-2.1.0/specifications/oj-2.10.2.gemspec
I, [2014-08-26T07:31:08.657199 #613]  INFO -- : 0:  padrino-support (0.12.3) from /Users/vlad.ivanovic/.rvm/gems/ruby-2.1.0/specifications/padrino-support-0.12.3.gemspec
I, [2014-08-26T07:31:08.657437 #613]  INFO -- : 0:  rack-protection (1.5.3) from /Users/vlad.ivanovic/.rvm/gems/ruby-2.1.0/specifications/rack-protection-1.5.3.gemspec
I, [2014-08-26T07:31:08.657675 #613]  INFO -- : 0:  sinatra (1.4.5) from /Users/vlad.ivanovic/.rvm/gems/ruby-2.1.0/specifications/sinatra-1.4.5.gemspec
I, [2014-08-26T07:31:08.657920 #613]  INFO -- : 0:  thor (0.19.1) from /Users/vlad.ivanovic/.rvm/gems/ruby-2.1.0@global/specifications/thor-0.19.1.gemspec
I, [2014-08-26T07:31:08.658153 #613]  INFO -- : 0:  padrino-core (0.12.3) from /Users/vlad.ivanovic/.rvm/gems/ruby-2.1.0/specifications/padrino-core-0.12.3.gemspec
I, [2014-08-26T07:31:08.658391 #613]  INFO -- : 0:  padrino-helpers (0.12.3) from /Users/vlad.ivanovic/.rvm/gems/ruby-2.1.0/specifications/padrino-helpers-0.12.3.gemspec
I, [2014-08-26T07:31:08.658622 #613]  INFO -- : 0:  padrino-admin (0.12.3) from /Users/vlad.ivanovic/.rvm/gems/ruby-2.1.0/specifications/padrino-admin-0.12.3.gemspec
I, [2014-08-26T07:31:08.658853 #613]  INFO -- : 0:  padrino-cache (0.12.3) from /Users/vlad.ivanovic/.rvm/gems/ruby-2.1.0/specifications/padrino-cache-0.12.3.gemspec
I, [2014-08-26T07:31:08.659075 #613]  INFO -- : 0:  bundler (1.5.1) from /Users/vlad.ivanovic/.rvm/gems/ruby-2.1.0@global/specifications/bundler-1.5.1.gemspec
I, [2014-08-26T07:31:08.659303 #613]  INFO -- : 0:  padrino-gen (0.12.3) from /Users/vlad.ivanovic/.rvm/gems/ruby-2.1.0/specifications/padrino-gen-0.12.3.gemspec
I, [2014-08-26T07:31:08.659530 #613]  INFO -- : 0:  padrino-mailer (0.12.3) from /Users/vlad.ivanovic/.rvm/gems/ruby-2.1.0/specifications/padrino-mailer-0.12.3.gemspec
I, [2014-08-26T07:31:08.659763 #613]  INFO -- : 0:  padrino (0.12.3) from /Users/vlad.ivanovic/.rvm/gems/ruby-2.1.0/specifications/padrino-0.12.3.gemspec
I, [2014-08-26T07:31:08.659990 #613]  INFO -- : 0:  pg (0.17.1) from /Users/vlad.ivanovic/.rvm/gems/ruby-2.1.0/specifications/pg-0.17.1.gemspec
I, [2014-08-26T07:31:08.660217 #613]  INFO -- : 0:  rack-coffee (1.0.3) from /Users/vlad.ivanovic/.rvm/gems/ruby-2.1.0/specifications/rack-coffee-1.0.3.gemspec
I, [2014-08-26T07:31:08.660443 #613]  INFO -- : 0:  rr (1.1.2) from /Users/vlad.ivanovic/.rvm/gems/ruby-2.1.0/specifications/rr-1.1.2.gemspec
I, [2014-08-26T07:31:08.660678 #613]  INFO -- : 0:  rspec-support (3.0.4) from /Users/vlad.ivanovic/.rvm/gems/ruby-2.1.0/specifications/rspec-support-3.0.4.gemspec
I, [2014-08-26T07:31:08.660914 #613]  INFO -- : 0:  rspec-core (3.0.4) from /Users/vlad.ivanovic/.rvm/gems/ruby-2.1.0/specifications/rspec-core-3.0.4.gemspec
I, [2014-08-26T07:31:08.661154 #613]  INFO -- : 0:  rspec-expectations (3.0.4) from /Users/vlad.ivanovic/.rvm/gems/ruby-2.1.0/specifications/rspec-expectations-3.0.4.gemspec
I, [2014-08-26T07:31:08.661395 #613]  INFO -- : 0:  rspec-mocks (3.0.4) from /Users/vlad.ivanovic/.rvm/gems/ruby-2.1.0/specifications/rspec-mocks-3.0.4.gemspec
I, [2014-08-26T07:31:08.661627 #613]  INFO -- : 0:  rspec (3.0.0) from /Users/vlad.ivanovic/.rvm/gems/ruby-2.1.0/specifications/rspec-3.0.0.gemspec
I, [2014-08-26T07:31:08.661859 #613]  INFO -- : 0:  sass (3.4.1) from /Users/vlad.ivanovic/.rvm/gems/ruby-2.1.0/specifications/sass-3.4.1.gemspec
I, [2014-08-26T07:31:08.662093 #613]  INFO -- : 0:  sequel (4.13.0) from /Users/vlad.ivanovic/.rvm/gems/ruby-2.1.0/specifications/sequel-4.13.0.gemspec
I, [2014-08-26T07:31:08.662322 #613]  INFO -- : 0:  thin (1.6.2) from /Users/vlad.ivanovic/.rvm/gems/ruby-2.1.0/specifications/thin-1.6.2.gemspec
